<?xml version="1.0" encoding="UTF-8"?>
<!-- Generated by org.testng.reporters.JUnitXMLReporter -->
<testsuite ignored="0" hostname="DESKTOP-CS0S6G9" failures="1" tests="3" name="ErrorValidationTest" time="70.469" errors="0" timestamp="2024-09-09T13:51:10 IST">
  <testcase classname="rahulshettyacademy.errorValidationTest" name="LoginErrorValidtion" time="1.097">
    <skipped/>
  </testcase> <!-- LoginErrorValidtion -->
  <testcase classname="rahulshettyacademy.errorValidationTest" name="LoginErrorValidtion" time="1.011">
    <failure type="java.lang.AssertionError" message="expected [Incorrect email or password.] but found [Incorrect email password.]">
      <![CDATA[java.lang.AssertionError: expected [Incorrect email or password.] but found [Incorrect email password.]
at rahulshettyacademy.errorValidationTest.LoginErrorValidtion(errorValidationTest.java:21)
at java.base/java.util.ArrayList.forEach(ArrayList.java:1511)
at java.base/java.util.concurrent.FutureTask.run(FutureTask.java:264)
at java.base/java.util.concurrent.ThreadPoolExecutor.runWorker(ThreadPoolExecutor.java:1136)
at java.base/java.util.concurrent.ThreadPoolExecutor$Worker.run(ThreadPoolExecutor.java:635)
at java.base/java.lang.Thread.run(Thread.java:842)
... Removed 23 stack frames]]>
    </failure>
  </testcase> <!-- LoginErrorValidtion -->
  <testcase classname="rahulshettyacademy.errorValidationTest" name="productErrorValidation" time="5.039"/>
</testsuite> <!-- ErrorValidationTest -->
